<?xml version="1.0" encoding="UTF-8"?>
<!-- Generated by org.testng.reporters.JUnitXMLReporter -->
<testsuite ignored="0" hostname="ankit" failures="1" tests="2" name="Test" time="19.976" errors="0" timestamp="2024-07-29T11:38:31 IST">
  <testcase classname="testCases.TC_002_LoginTest" name="verify_login" time="11.221">
    <failure type="java.lang.AssertionError" message="Login Failed expected [true] but found [false]">
      <![CDATA[java.lang.AssertionError: Login Failed expected [true] but found [false]
at testCases.TC_002_LoginTest.verify_login(TC_002_LoginTest.java:31)
at java.base/java.util.ArrayList.forEach(ArrayList.java:1596)
... Removed 31 stack frames]]>
    </failure>
  </testcase> <!-- verify_login -->
  <testcase classname="testCases.TC_001_AccountRegistrationTest" name="verify_account_registration" time="1.574"/>
</testsuite> <!-- Test -->
